<?xml version="1.0" encoding="UTF-8"?>
<testsuite xmlns:xsi="http://www.w3.org/2001/XMLSchema-instance" xsi:noNamespaceSchemaLocation="https://maven.apache.org/surefire/maven-surefire-plugin/xsd/surefire-test-report.xsd" name="TestCreateOrder" time="3.25" tests="4" errors="0" skipped="0" failures="0">
  <properties>
[...]
</properties>
  <testcase name="checkBodyResponse[0]" classname="TestCreateOrder" time="0.948"/>
  <testcase name="checkBodyResponse[1]" classname="TestCreateOrder" time="0.613"/>
  <testcase name="checkBodyResponse[2]" classname="TestCreateOrder" time="0.816"/>
  <testcase name="checkBodyResponse[3]" classname="TestCreateOrder" time="0.849"/>
</testsuite>