<?xml version="1.0" encoding="UTF-8"?>
<testsuite xmlns:xsi="http://www.w3.org/2001/XMLSchema-instance" xsi:noNamespaceSchemaLocation="https://maven.apache.org/surefire/maven-surefire-plugin/xsd/surefire-test-report.xsd" name="TestLogin" time="64.477" tests="5" errors="0" skipped="0" failures="1">
  <properties>
[...]
</properties>
  <testcase name="checkWrongLoginTest" classname="TestLogin" time="0.883"/>
  <testcase name="checkWithoutLoginTest" classname="TestLogin" time="0.863"/>
  <testcase name="checkLoginAndBodyAnswerTest" classname="TestLogin" time="0.87"/>
  <testcase name="checkWrongPasswordTest" classname="TestLogin" time="0.886"/>
  <testcase name="checkWithoutPasswordTest" classname="TestLogin" time="60.923">
    <failure message="1 expectation failed.&#10;Expected status code &lt;400&gt; but was &lt;504&gt;.&#10;" type="java.lang.AssertionError"><![CDATA[java.lang.AssertionError: 
1 expectation failed.
Expected status code <400> but was <504>.

	at TestLogin.validateErrorResponse(TestLogin.java:81)
	at TestLogin.checkWithoutPasswordTest(TestLogin.java:56)
]]></failure>
  </testcase>
</testsuite>